[32m2025-05-17 13:01:13 +0200[0m - dagster - [34mDEBUG[0m - combined_weather_job - 21cdd8e8-77b7-4542-82aa-42cdeb223ccf - 36039 - LOGS_CAPTURED - Started capturing logs in process (pid: 36039).
[32m2025-05-17 13:01:13 +0200[0m - dagster - [34mDEBUG[0m - combined_weather_job - 21cdd8e8-77b7-4542-82aa-42cdeb223ccf - 36039 - airbyte__airbyte_sync_asset - STEP_START - Started execution of step "airbyte__airbyte_sync_asset".
[32m2025-05-17 13:01:55 +0200[0m - dagster - [34mDEBUG[0m - combined_weather_job - 21cdd8e8-77b7-4542-82aa-42cdeb223ccf - 36039 - airbyte__airbyte_sync_asset - ASSET_MATERIALIZATION - Airbyte sync completed successfully
[32m2025-05-17 13:01:55 +0200[0m - dagster - [34mDEBUG[0m - combined_weather_job - 21cdd8e8-77b7-4542-82aa-42cdeb223ccf - 36039 - airbyte__airbyte_sync_asset - STEP_OUTPUT - Yielded output "result" of type "Any". (Type check passed).
[32m2025-05-17 13:01:55 +0200[0m - dagster - [34mDEBUG[0m - combined_weather_job - 21cdd8e8-77b7-4542-82aa-42cdeb223ccf - airbyte__airbyte_sync_asset - Writing file at: /Users/toniamayaobrador/dbt_weather_dagster/weather/.tmp_dagster_home_49wv_7ar/storage/airbyte/airbyte_sync_asset using PickledObjectFilesystemIOManager...
[32m2025-05-17 13:01:55 +0200[0m - dagster - [34mDEBUG[0m - combined_weather_job - 21cdd8e8-77b7-4542-82aa-42cdeb223ccf - 36039 - airbyte__airbyte_sync_asset - ASSET_MATERIALIZATION - Materialized value airbyte airbyte_sync_asset.
[32m2025-05-17 13:01:55 +0200[0m - dagster - [34mDEBUG[0m - combined_weather_job - 21cdd8e8-77b7-4542-82aa-42cdeb223ccf - 36039 - airbyte__airbyte_sync_asset - HANDLED_OUTPUT - Handled output "result" using IO manager "io_manager"
[32m2025-05-17 13:01:55 +0200[0m - dagster - [34mDEBUG[0m - combined_weather_job - 21cdd8e8-77b7-4542-82aa-42cdeb223ccf - 36039 - airbyte__airbyte_sync_asset - STEP_SUCCESS - Finished execution of step "airbyte__airbyte_sync_asset" in 41.78s.
[32m2025-05-17 13:01:55 +0200[0m - dagster - [34mDEBUG[0m - combined_weather_job - 21cdd8e8-77b7-4542-82aa-42cdeb223ccf - 36039 - weather_project_dbt_assets - STEP_START - Started execution of step "weather_project_dbt_assets".
[32m2025-05-17 13:01:55 +0200[0m - dagster - [34mINFO[0m - combined_weather_job - 21cdd8e8-77b7-4542-82aa-42cdeb223ccf - weather_project_dbt_assets - A dbt subsetted execution is being performed. Overriding default dbt selection arguments `['--select', 'fqn:*']` with arguments: `['weather_project.staging.stg_weather_forecast_hourly', 'weather_project.staging.stg_weather_current', 'weather_project.staging.stg_weather_forecast_daily']`.
[32m2025-05-17 13:01:55 +0200[0m - dagster - [34mINFO[0m - combined_weather_job - 21cdd8e8-77b7-4542-82aa-42cdeb223ccf - weather_project_dbt_assets - Copying `/Users/toniamayaobrador/dbt_weather_dagster/weather/weather_project/target/partial_parse.msgpack` to `/Users/toniamayaobrador/dbt_weather_dagster/weather/weather_project/target/weather_project_dbt_assets-21cdd8e-5ac28fe/partial_parse.msgpack` to take advantage of partial parsing.
[32m2025-05-17 13:01:55 +0200[0m - dagster - [34mINFO[0m - combined_weather_job - 21cdd8e8-77b7-4542-82aa-42cdeb223ccf - weather_project_dbt_assets - Running dbt command: `dbt build --select weather_project.staging.stg_weather_forecast_hourly weather_project.staging.stg_weather_current weather_project.staging.stg_weather_forecast_daily`.
[32m2025-05-17 13:02:02 +0200[0m - dagster - [34mDEBUG[0m - combined_weather_job - 21cdd8e8-77b7-4542-82aa-42cdeb223ccf - 36039 - weather_project_dbt_assets - STEP_OUTPUT - Yielded output "stg_weather_current" of type "Nothing". (Type check passed).
[32m2025-05-17 13:02:02 +0200[0m - dagster - [34mDEBUG[0m - combined_weather_job - 21cdd8e8-77b7-4542-82aa-42cdeb223ccf - 36039 - weather_project_dbt_assets - ASSET_MATERIALIZATION - Materialized value stg_weather_current.
[32m2025-05-17 13:02:03 +0200[0m - dagster - [34mDEBUG[0m - combined_weather_job - 21cdd8e8-77b7-4542-82aa-42cdeb223ccf - 36039 - weather_project_dbt_assets - STEP_OUTPUT - Yielded output "stg_weather_forecast_daily" of type "Nothing". (Type check passed).
[32m2025-05-17 13:02:03 +0200[0m - dagster - [34mDEBUG[0m - combined_weather_job - 21cdd8e8-77b7-4542-82aa-42cdeb223ccf - 36039 - weather_project_dbt_assets - ASSET_MATERIALIZATION - Materialized value stg_weather_forecast_daily.
[32m2025-05-17 13:02:03 +0200[0m - dagster - [34mDEBUG[0m - combined_weather_job - 21cdd8e8-77b7-4542-82aa-42cdeb223ccf - 36039 - weather_project_dbt_assets - STEP_OUTPUT - Yielded output "stg_weather_forecast_hourly" of type "Nothing". (Type check passed).
[32m2025-05-17 13:02:03 +0200[0m - dagster - [34mDEBUG[0m - combined_weather_job - 21cdd8e8-77b7-4542-82aa-42cdeb223ccf - 36039 - weather_project_dbt_assets - ASSET_MATERIALIZATION - Materialized value stg_weather_forecast_hourly.
[32m2025-05-17 13:02:04 +0200[0m - dagster - [34mDEBUG[0m - combined_weather_job - 21cdd8e8-77b7-4542-82aa-42cdeb223ccf - 36039 - weather_project_dbt_assets - STEP_OUTPUT - Yielded output "stg_weather_current_not_null_stg_weather_current_date_time" of type "Any". (Type check passed).
[32m2025-05-17 13:02:04 +0200[0m - dagster - [34mDEBUG[0m - combined_weather_job - 21cdd8e8-77b7-4542-82aa-42cdeb223ccf - 36039 - weather_project_dbt_assets - ASSET_CHECK_EVALUATION - ASSET_CHECK_EVALUATION for step weather_project_dbt_assets
[32m2025-05-17 13:02:04 +0200[0m - dagster - [34mDEBUG[0m - combined_weather_job - 21cdd8e8-77b7-4542-82aa-42cdeb223ccf - 36039 - weather_project_dbt_assets - STEP_OUTPUT - Yielded output "stg_weather_current_not_null_stg_weather_current_extracted_at" of type "Any". (Type check passed).
[32m2025-05-17 13:02:04 +0200[0m - dagster - [34mDEBUG[0m - combined_weather_job - 21cdd8e8-77b7-4542-82aa-42cdeb223ccf - 36039 - weather_project_dbt_assets - ASSET_CHECK_EVALUATION - ASSET_CHECK_EVALUATION for step weather_project_dbt_assets
[32m2025-05-17 13:02:05 +0200[0m - dagster - [34mDEBUG[0m - combined_weather_job - 21cdd8e8-77b7-4542-82aa-42cdeb223ccf - 36039 - weather_project_dbt_assets - STEP_OUTPUT - Yielded output "stg_weather_current_not_null_stg_weather_current_humidity" of type "Any". (Type check passed).
[32m2025-05-17 13:02:05 +0200[0m - dagster - [34mDEBUG[0m - combined_weather_job - 21cdd8e8-77b7-4542-82aa-42cdeb223ccf - 36039 - weather_project_dbt_assets - ASSET_CHECK_EVALUATION - ASSET_CHECK_EVALUATION for step weather_project_dbt_assets
[32m2025-05-17 13:02:06 +0200[0m - dagster - [34mDEBUG[0m - combined_weather_job - 21cdd8e8-77b7-4542-82aa-42cdeb223ccf - 36039 - weather_project_dbt_assets - STEP_OUTPUT - Yielded output "stg_weather_current_not_null_stg_weather_current_sky_condition" of type "Any". (Type check passed).
[32m2025-05-17 13:02:06 +0200[0m - dagster - [34mDEBUG[0m - combined_weather_job - 21cdd8e8-77b7-4542-82aa-42cdeb223ccf - 36039 - weather_project_dbt_assets - ASSET_CHECK_EVALUATION - ASSET_CHECK_EVALUATION for step weather_project_dbt_assets
[32m2025-05-17 13:02:06 +0200[0m - dagster - [34mDEBUG[0m - combined_weather_job - 21cdd8e8-77b7-4542-82aa-42cdeb223ccf - 36039 - weather_project_dbt_assets - STEP_OUTPUT - Yielded output "stg_weather_current_not_null_stg_weather_current_temperature" of type "Any". (Type check passed).
[32m2025-05-17 13:02:06 +0200[0m - dagster - [34mDEBUG[0m - combined_weather_job - 21cdd8e8-77b7-4542-82aa-42cdeb223ccf - 36039 - weather_project_dbt_assets - ASSET_CHECK_EVALUATION - ASSET_CHECK_EVALUATION for step weather_project_dbt_assets
[32m2025-05-17 13:02:07 +0200[0m - dagster - [34mDEBUG[0m - combined_weather_job - 21cdd8e8-77b7-4542-82aa-42cdeb223ccf - 36039 - weather_project_dbt_assets - STEP_OUTPUT - Yielded output "stg_weather_current_not_null_stg_weather_current_wind_speed" of type "Any". (Type check passed).
[32m2025-05-17 13:02:07 +0200[0m - dagster - [34mDEBUG[0m - combined_weather_job - 21cdd8e8-77b7-4542-82aa-42cdeb223ccf - 36039 - weather_project_dbt_assets - ASSET_CHECK_EVALUATION - ASSET_CHECK_EVALUATION for step weather_project_dbt_assets
[32m2025-05-17 13:02:07 +0200[0m - dagster - [34mDEBUG[0m - combined_weather_job - 21cdd8e8-77b7-4542-82aa-42cdeb223ccf - 36039 - weather_project_dbt_assets - STEP_OUTPUT - Yielded output "stg_weather_forecast_daily_not_null_stg_weather_forecast_daily_extracted_at" of type "Any". (Type check passed).
[32m2025-05-17 13:02:07 +0200[0m - dagster - [34mDEBUG[0m - combined_weather_job - 21cdd8e8-77b7-4542-82aa-42cdeb223ccf - 36039 - weather_project_dbt_assets - ASSET_CHECK_EVALUATION - ASSET_CHECK_EVALUATION for step weather_project_dbt_assets
[32m2025-05-17 13:02:08 +0200[0m - dagster - [34mDEBUG[0m - combined_weather_job - 21cdd8e8-77b7-4542-82aa-42cdeb223ccf - 36039 - weather_project_dbt_assets - STEP_OUTPUT - Yielded output "stg_weather_forecast_daily_not_null_stg_weather_forecast_daily_forecast_date" of type "Any". (Type check passed).
[32m2025-05-17 13:02:08 +0200[0m - dagster - [34mDEBUG[0m - combined_weather_job - 21cdd8e8-77b7-4542-82aa-42cdeb223ccf - 36039 - weather_project_dbt_assets - ASSET_CHECK_EVALUATION - ASSET_CHECK_EVALUATION for step weather_project_dbt_assets
[32m2025-05-17 13:02:08 +0200[0m - dagster - [34mDEBUG[0m - combined_weather_job - 21cdd8e8-77b7-4542-82aa-42cdeb223ccf - 36039 - weather_project_dbt_assets - STEP_OUTPUT - Yielded output "stg_weather_forecast_daily_not_null_stg_weather_forecast_daily_max_humidity" of type "Any". (Type check passed).
[32m2025-05-17 13:02:08 +0200[0m - dagster - [34mDEBUG[0m - combined_weather_job - 21cdd8e8-77b7-4542-82aa-42cdeb223ccf - 36039 - weather_project_dbt_assets - ASSET_CHECK_EVALUATION - ASSET_CHECK_EVALUATION for step weather_project_dbt_assets
[32m2025-05-17 13:02:09 +0200[0m - dagster - [34mDEBUG[0m - combined_weather_job - 21cdd8e8-77b7-4542-82aa-42cdeb223ccf - 36039 - weather_project_dbt_assets - STEP_OUTPUT - Yielded output "stg_weather_forecast_daily_not_null_stg_weather_forecast_daily_max_temp" of type "Any". (Type check passed).
[32m2025-05-17 13:02:09 +0200[0m - dagster - [34mDEBUG[0m - combined_weather_job - 21cdd8e8-77b7-4542-82aa-42cdeb223ccf - 36039 - weather_project_dbt_assets - ASSET_CHECK_EVALUATION - ASSET_CHECK_EVALUATION for step weather_project_dbt_assets
[32m2025-05-17 13:02:09 +0200[0m - dagster - [34mDEBUG[0m - combined_weather_job - 21cdd8e8-77b7-4542-82aa-42cdeb223ccf - 36039 - weather_project_dbt_assets - STEP_OUTPUT - Yielded output "stg_weather_forecast_daily_not_null_stg_weather_forecast_daily_min_humidity" of type "Any". (Type check passed).
[32m2025-05-17 13:02:09 +0200[0m - dagster - [34mDEBUG[0m - combined_weather_job - 21cdd8e8-77b7-4542-82aa-42cdeb223ccf - 36039 - weather_project_dbt_assets - ASSET_CHECK_EVALUATION - ASSET_CHECK_EVALUATION for step weather_project_dbt_assets
[32m2025-05-17 13:02:10 +0200[0m - dagster - [34mDEBUG[0m - combined_weather_job - 21cdd8e8-77b7-4542-82aa-42cdeb223ccf - 36039 - weather_project_dbt_assets - STEP_OUTPUT - Yielded output "stg_weather_forecast_daily_not_null_stg_weather_forecast_daily_min_temp" of type "Any". (Type check passed).
[32m2025-05-17 13:02:10 +0200[0m - dagster - [34mDEBUG[0m - combined_weather_job - 21cdd8e8-77b7-4542-82aa-42cdeb223ccf - 36039 - weather_project_dbt_assets - ASSET_CHECK_EVALUATION - ASSET_CHECK_EVALUATION for step weather_project_dbt_assets
[32m2025-05-17 13:02:10 +0200[0m - dagster - [34mDEBUG[0m - combined_weather_job - 21cdd8e8-77b7-4542-82aa-42cdeb223ccf - 36039 - weather_project_dbt_assets - STEP_OUTPUT - Yielded output "stg_weather_forecast_daily_not_null_stg_weather_forecast_daily_precipitation_probability" of type "Any". (Type check passed).
[32m2025-05-17 13:02:10 +0200[0m - dagster - [34mDEBUG[0m - combined_weather_job - 21cdd8e8-77b7-4542-82aa-42cdeb223ccf - 36039 - weather_project_dbt_assets - ASSET_CHECK_EVALUATION - ASSET_CHECK_EVALUATION for step weather_project_dbt_assets
[32m2025-05-17 13:02:11 +0200[0m - dagster - [34mDEBUG[0m - combined_weather_job - 21cdd8e8-77b7-4542-82aa-42cdeb223ccf - 36039 - weather_project_dbt_assets - STEP_OUTPUT - Yielded output "stg_weather_forecast_daily_not_null_stg_weather_forecast_daily_sky_condition" of type "Any". (Type check passed).
[32m2025-05-17 13:02:11 +0200[0m - dagster - [34mDEBUG[0m - combined_weather_job - 21cdd8e8-77b7-4542-82aa-42cdeb223ccf - 36039 - weather_project_dbt_assets - ASSET_CHECK_EVALUATION - ASSET_CHECK_EVALUATION for step weather_project_dbt_assets
[32m2025-05-17 13:02:12 +0200[0m - dagster - [34mDEBUG[0m - combined_weather_job - 21cdd8e8-77b7-4542-82aa-42cdeb223ccf - 36039 - weather_project_dbt_assets - STEP_OUTPUT - Yielded output "stg_weather_forecast_daily_not_null_stg_weather_forecast_daily_uv_index" of type "Any". (Type check passed).
[32m2025-05-17 13:02:12 +0200[0m - dagster - [34mDEBUG[0m - combined_weather_job - 21cdd8e8-77b7-4542-82aa-42cdeb223ccf - 36039 - weather_project_dbt_assets - ASSET_CHECK_EVALUATION - ASSET_CHECK_EVALUATION for step weather_project_dbt_assets
[32m2025-05-17 13:02:13 +0200[0m - dagster - [34mDEBUG[0m - combined_weather_job - 21cdd8e8-77b7-4542-82aa-42cdeb223ccf - 36039 - weather_project_dbt_assets - STEP_OUTPUT - Yielded output "stg_weather_forecast_hourly_not_null_stg_weather_forecast_hourly_extracted_at" of type "Any". (Type check passed).
[32m2025-05-17 13:02:13 +0200[0m - dagster - [34mDEBUG[0m - combined_weather_job - 21cdd8e8-77b7-4542-82aa-42cdeb223ccf - 36039 - weather_project_dbt_assets - ASSET_CHECK_EVALUATION - ASSET_CHECK_EVALUATION for step weather_project_dbt_assets
[32m2025-05-17 13:02:14 +0200[0m - dagster - [34mDEBUG[0m - combined_weather_job - 21cdd8e8-77b7-4542-82aa-42cdeb223ccf - 36039 - weather_project_dbt_assets - STEP_OUTPUT - Yielded output "stg_weather_forecast_hourly_not_null_stg_weather_forecast_hourly_forecast_date" of type "Any". (Type check passed).
[32m2025-05-17 13:02:14 +0200[0m - dagster - [34mDEBUG[0m - combined_weather_job - 21cdd8e8-77b7-4542-82aa-42cdeb223ccf - 36039 - weather_project_dbt_assets - ASSET_CHECK_EVALUATION - ASSET_CHECK_EVALUATION for step weather_project_dbt_assets
[32m2025-05-17 13:02:14 +0200[0m - dagster - [34mDEBUG[0m - combined_weather_job - 21cdd8e8-77b7-4542-82aa-42cdeb223ccf - 36039 - weather_project_dbt_assets - STEP_OUTPUT - Yielded output "stg_weather_forecast_hourly_not_null_stg_weather_forecast_hourly_hour_index" of type "Any". (Type check passed).
[32m2025-05-17 13:02:14 +0200[0m - dagster - [34mDEBUG[0m - combined_weather_job - 21cdd8e8-77b7-4542-82aa-42cdeb223ccf - 36039 - weather_project_dbt_assets - ASSET_CHECK_EVALUATION - ASSET_CHECK_EVALUATION for step weather_project_dbt_assets
[32m2025-05-17 13:02:15 +0200[0m - dagster - [34mDEBUG[0m - combined_weather_job - 21cdd8e8-77b7-4542-82aa-42cdeb223ccf - 36039 - weather_project_dbt_assets - STEP_OUTPUT - Yielded output "stg_weather_forecast_hourly_not_null_stg_weather_forecast_hourly_humidity" of type "Any". (Type check passed).
[32m2025-05-17 13:02:15 +0200[0m - dagster - [34mDEBUG[0m - combined_weather_job - 21cdd8e8-77b7-4542-82aa-42cdeb223ccf - 36039 - weather_project_dbt_assets - ASSET_CHECK_EVALUATION - ASSET_CHECK_EVALUATION for step weather_project_dbt_assets
[32m2025-05-17 13:02:16 +0200[0m - dagster - [34mDEBUG[0m - combined_weather_job - 21cdd8e8-77b7-4542-82aa-42cdeb223ccf - 36039 - weather_project_dbt_assets - STEP_OUTPUT - Yielded output "stg_weather_forecast_hourly_not_null_stg_weather_forecast_hourly_sky_condition" of type "Any". (Type check passed).
[32m2025-05-17 13:02:16 +0200[0m - dagster - [34mDEBUG[0m - combined_weather_job - 21cdd8e8-77b7-4542-82aa-42cdeb223ccf - 36039 - weather_project_dbt_assets - ASSET_CHECK_EVALUATION - ASSET_CHECK_EVALUATION for step weather_project_dbt_assets
[32m2025-05-17 13:02:17 +0200[0m - dagster - [34mDEBUG[0m - combined_weather_job - 21cdd8e8-77b7-4542-82aa-42cdeb223ccf - 36039 - weather_project_dbt_assets - STEP_OUTPUT - Yielded output "stg_weather_forecast_hourly_not_null_stg_weather_forecast_hourly_temperature" of type "Any". (Type check passed).
[32m2025-05-17 13:02:17 +0200[0m - dagster - [34mDEBUG[0m - combined_weather_job - 21cdd8e8-77b7-4542-82aa-42cdeb223ccf - 36039 - weather_project_dbt_assets - ASSET_CHECK_EVALUATION - ASSET_CHECK_EVALUATION for step weather_project_dbt_assets
[32m2025-05-17 13:02:18 +0200[0m - dagster - [34mDEBUG[0m - combined_weather_job - 21cdd8e8-77b7-4542-82aa-42cdeb223ccf - 36039 - weather_project_dbt_assets - STEP_OUTPUT - Yielded output "stg_weather_forecast_hourly_not_null_stg_weather_forecast_hourly_time_of_day" of type "Any". (Type check passed).
[32m2025-05-17 13:02:18 +0200[0m - dagster - [34mDEBUG[0m - combined_weather_job - 21cdd8e8-77b7-4542-82aa-42cdeb223ccf - 36039 - weather_project_dbt_assets - ASSET_CHECK_EVALUATION - ASSET_CHECK_EVALUATION for step weather_project_dbt_assets
[32m2025-05-17 13:02:18 +0200[0m - dagster - [34mDEBUG[0m - combined_weather_job - 21cdd8e8-77b7-4542-82aa-42cdeb223ccf - 36039 - weather_project_dbt_assets - STEP_OUTPUT - Yielded output "stg_weather_forecast_hourly_not_null_stg_weather_forecast_hourly_wind_direction" of type "Any". (Type check passed).
[32m2025-05-17 13:02:18 +0200[0m - dagster - [34mDEBUG[0m - combined_weather_job - 21cdd8e8-77b7-4542-82aa-42cdeb223ccf - 36039 - weather_project_dbt_assets - ASSET_CHECK_EVALUATION - ASSET_CHECK_EVALUATION for step weather_project_dbt_assets
[32m2025-05-17 13:02:19 +0200[0m - dagster - [34mDEBUG[0m - combined_weather_job - 21cdd8e8-77b7-4542-82aa-42cdeb223ccf - 36039 - weather_project_dbt_assets - STEP_OUTPUT - Yielded output "stg_weather_forecast_hourly_not_null_stg_weather_forecast_hourly_wind_speed" of type "Any". (Type check passed).
[32m2025-05-17 13:02:19 +0200[0m - dagster - [34mDEBUG[0m - combined_weather_job - 21cdd8e8-77b7-4542-82aa-42cdeb223ccf - 36039 - weather_project_dbt_assets - ASSET_CHECK_EVALUATION - ASSET_CHECK_EVALUATION for step weather_project_dbt_assets
[32m2025-05-17 13:02:20 +0200[0m - dagster - [34mINFO[0m - combined_weather_job - 21cdd8e8-77b7-4542-82aa-42cdeb223ccf - weather_project_dbt_assets - Finished dbt command: `dbt build --select weather_project.staging.stg_weather_forecast_hourly weather_project.staging.stg_weather_current weather_project.staging.stg_weather_forecast_daily`.
[32m2025-05-17 13:02:20 +0200[0m - dagster - [34mDEBUG[0m - combined_weather_job - 21cdd8e8-77b7-4542-82aa-42cdeb223ccf - 36039 - weather_project_dbt_assets - STEP_SUCCESS - Finished execution of step "weather_project_dbt_assets" in 24.75s.
